
**** Build of configuration Debug for project Seguimiento de Gandado ****

"C:\\ti\\ccsv6\\utils\\bin\\gmake" -k -j 4 all 
'Building file: ../src/main.c'
'Building file: ../src/bsp/hal/ADC10.c'
'Building file: ../src/bsp/hal/hal_cc2500.c'
'Building file: ../src/bsp/hal/hal_pin.c'
'Invoking: MSP430 Compiler'
'Invoking: MSP430 Compiler'
"C:/ti/ccsv6/tools/compiler/ti-cgt-msp430_4.4.3/bin/cl430" -vmsp --abi=eabi -Ooff --use_hw_mpy=none --include_path="C:/ti/ccsv6/ccs_base/msp430/include" --include_path="C:/ti/ccsv6/tools/compiler/ti-cgt-msp430_4.4.3/include" --advice:power_severity=suppress --advice:power="1,2,3,4,5,6,7,8,9,10,11,12,13,14,15" -g --define=__MSP430F2254__ --diag_warning=225 --display_error_number --diag_wrap=off --printf_support=nofloat --preproc_with_compile --preproc_dependency="src/main.pp" --obj_directory="src"  "../src/main.c"
'Invoking: MSP430 Compiler'
"C:/ti/ccsv6/tools/compiler/ti-cgt-msp430_4.4.3/bin/cl430" -vmsp --abi=eabi -Ooff --use_hw_mpy=none --include_path="C:/ti/ccsv6/ccs_base/msp430/include" --include_path="C:/ti/ccsv6/tools/compiler/ti-cgt-msp430_4.4.3/include" --advice:power_severity=suppress --advice:power="1,2,3,4,5,6,7,8,9,10,11,12,13,14,15" -g --define=__MSP430F2254__ --diag_warning=225 --display_error_number --diag_wrap=off --printf_support=nofloat --preproc_with_compile --preproc_dependency="src/bsp/hal/ADC10.pp" --obj_directory="src/bsp/hal"  "../src/bsp/hal/ADC10.c"
'Invoking: MSP430 Compiler'
"C:/ti/ccsv6/tools/compiler/ti-cgt-msp430_4.4.3/bin/cl430" -vmsp --abi=eabi -Ooff --use_hw_mpy=none --include_path="C:/ti/ccsv6/ccs_base/msp430/include" --include_path="C:/ti/ccsv6/tools/compiler/ti-cgt-msp430_4.4.3/include" --advice:power_severity=suppress --advice:power="1,2,3,4,5,6,7,8,9,10,11,12,13,14,15" -g --define=__MSP430F2254__ --diag_warning=225 --display_error_number --diag_wrap=off --printf_support=nofloat --preproc_with_compile --preproc_dependency="src/bsp/hal/hal_cc2500.pp" --obj_directory="src/bsp/hal"  "../src/bsp/hal/hal_cc2500.c"
"C:/ti/ccsv6/tools/compiler/ti-cgt-msp430_4.4.3/bin/cl430" -vmsp --abi=eabi -Ooff --use_hw_mpy=none --include_path="C:/ti/ccsv6/ccs_base/msp430/include" --include_path="C:/ti/ccsv6/tools/compiler/ti-cgt-msp430_4.4.3/include" --advice:power_severity=suppress --advice:power="1,2,3,4,5,6,7,8,9,10,11,12,13,14,15" -g --define=__MSP430F2254__ --diag_warning=225 --display_error_number --diag_wrap=off --printf_support=nofloat --preproc_with_compile --preproc_dependency="src/bsp/hal/hal_pin.pp" --obj_directory="src/bsp/hal"  "../src/bsp/hal/hal_pin.c"
'Finished building: ../src/bsp/hal/ADC10.c'
' '
'Finished building: ../src/main.c'
'Building file: ../src/bsp/hal/hal_usci_spi.c'
' '
'Finished building: ../src/bsp/hal/hal_cc2500.c'
'Invoking: MSP430 Compiler'
"C:/ti/ccsv6/tools/compiler/ti-cgt-msp430_4.4.3/bin/cl430" -vmsp --abi=eabi -Ooff --use_hw_mpy=none --include_path="C:/ti/ccsv6/ccs_base/msp430/include" --include_path="C:/ti/ccsv6/tools/compiler/ti-cgt-msp430_4.4.3/include" --advice:power_severity=suppress --advice:power="1,2,3,4,5,6,7,8,9,10,11,12,13,14,15" -g --define=__MSP430F2254__ --diag_warning=225 --display_error_number --diag_wrap=off --printf_support=nofloat --preproc_with_compile --preproc_dependency="src/bsp/hal/hal_usci_spi.pp" --obj_directory="src/bsp/hal"  "../src/bsp/hal/hal_usci_spi.c"
' '
'Building file: ../src/bsp/hal/uart.c'
'Building file: ../src/bsp/bsp.c'
'Invoking: MSP430 Compiler'
'Invoking: MSP430 Compiler'
"C:/ti/ccsv6/tools/compiler/ti-cgt-msp430_4.4.3/bin/cl430" -vmsp --abi=eabi -Ooff --use_hw_mpy=none --include_path="C:/ti/ccsv6/ccs_base/msp430/include" --include_path="C:/ti/ccsv6/tools/compiler/ti-cgt-msp430_4.4.3/include" --advice:power_severity=suppress --advice:power="1,2,3,4,5,6,7,8,9,10,11,12,13,14,15" -g --define=__MSP430F2254__ --diag_warning=225 --display_error_number --diag_wrap=off --printf_support=nofloat --preproc_with_compile --preproc_dependency="src/bsp/hal/uart.pp" --obj_directory="src/bsp/hal"  "../src/bsp/hal/uart.c"
"C:/ti/ccsv6/tools/compiler/ti-cgt-msp430_4.4.3/bin/cl430" -vmsp --abi=eabi -Ooff --use_hw_mpy=none --include_path="C:/ti/ccsv6/ccs_base/msp430/include" --include_path="C:/ti/ccsv6/tools/compiler/ti-cgt-msp430_4.4.3/include" --advice:power_severity=suppress --advice:power="1,2,3,4,5,6,7,8,9,10,11,12,13,14,15" -g --define=__MSP430F2254__ --diag_warning=225 --display_error_number --diag_wrap=off --printf_support=nofloat --preproc_with_compile --preproc_dependency="src/bsp/bsp.pp" --obj_directory="src/bsp"  "../src/bsp/bsp.c"
'Finished building: ../src/bsp/hal/hal_pin.c'
' '
"../src/bsp/bsp.c", line 123: warning #169-D: argument of type "USARTUARTRegs *" is incompatible with parameter of type "USCIUARTRegs *"
"../src/bsp/bsp.c", line 233: warning #225-D: function "__BIC_SR_IRQ" declared implicitly
"../src/bsp/bsp.c", line 480: warning #225-D: function "uart_USCI_A0_RX_ISR" declared implicitly
"../src/bsp/bsp.c", line 487: warning #225-D: function "uart_USCI_A0_TX_ISR" declared implicitly
"../src/bsp/hal/uart.c", line 222: warning #225-D: function "round" declared implicitly
"../src/bsp/hal/uart.c", line 231: warning #225-D: function "round" declared implicitly
'Finished building: ../src/bsp/hal/hal_usci_spi.c'
' '
'Finished building: ../src/bsp/hal/uart.c'
' '
'Finished building: ../src/bsp/bsp.c'
' '
'Building target: Seguimiento de Gandado.out'
'Invoking: MSP430 Linker'
"C:/ti/ccsv6/tools/compiler/ti-cgt-msp430_4.4.3/bin/cl430" -vmsp --abi=eabi -Ooff --use_hw_mpy=none --advice:power_severity=suppress --advice:power="1,2,3,4,5,6,7,8,9,10,11,12,13,14,15" -g --define=__MSP430F2254__ --diag_warning=225 --display_error_number --diag_wrap=off --printf_support=nofloat -z -m"Seguimiento de Gandado.map" --heap_size=120 --stack_size=120 -i"C:/ti/ccsv6/ccs_base/msp430/include" -i"C:/ti/ccsv6/tools/compiler/ti-cgt-msp430_4.4.3/lib" -i"C:/ti/ccsv6/tools/compiler/ti-cgt-msp430_4.4.3/include" --reread_libs --warn_sections --display_error_number --diag_wrap=off --xml_link_info="Seguimiento de Gandado_linkInfo.xml" --use_hw_mpy=none --rom_model -o "Seguimiento de Gandado.out" "./src/main.obj" "./src/bsp/hal/ADC10.obj" "./src/bsp/hal/hal_cc2500.obj" "./src/bsp/hal/hal_pin.obj" "./src/bsp/hal/hal_usci_spi.obj" "./src/bsp/hal/uart.obj" "./src/bsp/bsp.obj" "../lnk_msp430f2254.cmd"  -l"libc.a" 
<Linking>
'Finished building target: Seguimiento de Gandado.out'
' '

**** Build Finished ****
